
Thu 14 Mar 2024 08:30:51 PM UTC: 
In file included from test.c:1:
exercises.c:1:3: error: stray ‘#’ in program
    1 | a #include <ctype.h>
      |   ^
exercises.c:1:1: error: unknown type name ‘a’
    1 | a #include <ctype.h>
      | ^
exercises.c:1:12: error: expected ‘=’, ‘,’, ‘;’, ‘asm’ or ‘__attribute__’ before ‘<’ token
    1 | a #include <ctype.h>
      |            ^
In file included from /nix/store/4pqv2mwdn88h7xvsm7a5zplrd8sxzvw0-glibc-2.35-163-dev/include/stdlib.h:395,
                 from exercises.c:4,
                 from test.c:1:
/nix/store/4pqv2mwdn88h7xvsm7a5zplrd8sxzvw0-glibc-2.35-163-dev/include/sys/types.h:33:9: error: unknown type name ‘__u_char’
   33 | typedef __u_char u_char;
      |         ^~~~~~~~
Compilation failed
8d9dc3a
Thu 14 Mar 2024 08:31:59 PM UTC: 
 exercises.c | 2 +-
 1 file changed, 1 insertion(+), 1 deletion(-)
 tests:  0|7
total_score: 0/70
82a5962
Thu 14 Mar 2024 08:34:40 PM UTC: 
 exercises.c | 18 +++++++++++++++++-
 1 file changed, 17 insertions(+), 1 deletion(-)
 tests:  0|7
total_score: 0/70
6895899
Thu 14 Mar 2024 08:35:05 PM UTC: 
 exercises.c | 3 +--
 1 file changed, 1 insertion(+), 2 deletions(-)
 tests:  0|6
total_score: 10/70
056efd1
Thu 14 Mar 2024 08:37:16 PM UTC: 
 exercises.c | 12 ++++++++++++
 1 file changed, 12 insertions(+)
In file included from test.c:1:
exercises.c:37:1: error: expected identifier or ‘(’ before ‘for’
   37 | for (int i = 0; i < size / 2; i++)
      | ^~~
exercises.c:37:19: error: expected ‘=’, ‘,’, ‘;’, ‘asm’ or ‘__attribute__’ before ‘<’ token
   37 | for (int i = 0; i < size / 2; i++)
      |                   ^
exercises.c:37:32: error: expected ‘=’, ‘,’, ‘;’, ‘asm’ or ‘__attribute__’ before ‘++’ token
   37 | for (int i = 0; i < size / 2; i++)
      |                                ^~
exercises.c:44:1: error: expected identifier or ‘(’ before ‘return’
   44 | return 0;
      | ^~~~~~
exercises.c:45:1: error: expected identifier or ‘(’ before ‘}’ token
   45 | }
      | ^
Compilation failed
f1160f0
Thu 14 Mar 2024 08:38:14 PM UTC: 
 exercises.c | 2 +-
 1 file changed, 1 insertion(+), 1 deletion(-)
In file included from test.c:1:
exercises.c:37:1: error: expected identifier or ‘(’ before ‘for’
   37 | for (int i = 0 ; i < (size / 2) ; i++)
      | ^~~
exercises.c:37:20: error: expected ‘=’, ‘,’, ‘;’, ‘asm’ or ‘__attribute__’ before ‘<’ token
   37 | for (int i = 0 ; i < (size / 2) ; i++)
      |                    ^
exercises.c:37:36: error: expected ‘=’, ‘,’, ‘;’, ‘asm’ or ‘__attribute__’ before ‘++’ token
   37 | for (int i = 0 ; i < (size / 2) ; i++)
      |                                    ^~
exercises.c:44:1: error: expected identifier or ‘(’ before ‘return’
   44 | return 0;
      | ^~~~~~
exercises.c:45:1: error: expected identifier or ‘(’ before ‘}’ token
   45 | }
      | ^
Compilation failed
a48da13
Thu 14 Mar 2024 08:38:42 PM UTC: 
 exercises.c | 4 ++--
 1 file changed, 2 insertions(+), 2 deletions(-)
In file included from test.c:1:
exercises.c:37:1: error: expected identifier or ‘(’ before ‘for’
   37 | for (int i = 0 ; i < size / 2 ; i++)
      | ^~~
exercises.c:37:20: error: expected ‘=’, ‘,’, ‘;’, ‘asm’ or ‘__attribute__’ before ‘<’ token
   37 | for (int i = 0 ; i < size / 2 ; i++)
      |                    ^
exercises.c:37:34: error: expected ‘=’, ‘,’, ‘;’, ‘asm’ or ‘__attribute__’ before ‘++’ token
   37 | for (int i = 0 ; i < size / 2 ; i++)
      |                                  ^~
exercises.c:44:1: error: expected identifier or ‘(’ before ‘return’
   44 | return 0;
      | ^~~~~~
exercises.c:45:1: error: expected identifier or ‘(’ before ‘}’ token
   45 | }
      | ^
Compilation failed
84f6b60
Thu 14 Mar 2024 08:39:50 PM UTC: 
 exercises.c | 2 +-
 1 file changed, 1 insertion(+), 1 deletion(-)
In file included from test.c:1:
exercises.c:37:1: error: expected identifier or ‘(’ before ‘for’
   37 | for(int i = 0 ; i < size / 2 ; i++)
      | ^~~
exercises.c:37:19: error: expected ‘=’, ‘,’, ‘;’, ‘asm’ or ‘__attribute__’ before ‘<’ token
   37 | for(int i = 0 ; i < size / 2 ; i++)
      |                   ^
exercises.c:37:33: error: expected ‘=’, ‘,’, ‘;’, ‘asm’ or ‘__attribute__’ before ‘++’ token
   37 | for(int i = 0 ; i < size / 2 ; i++)
      |                                 ^~
exercises.c:44:1: error: expected identifier or ‘(’ before ‘return’
   44 | return temp;
      | ^~~~~~
exercises.c:45:1: error: expected identifier or ‘(’ before ‘}’ token
   45 | }
      | ^
Compilation failed
e03d119
Thu 14 Mar 2024 08:40:53 PM UTC: 
 exercises.c | 1 +
 1 file changed, 1 insertion(+)
In file included from test.c:1:
exercises.c:37:1: error: expected identifier or ‘(’ before ‘for’
   37 | for (int i = 0 ; i < size / 2 ; i++)
      | ^~~
exercises.c:37:20: error: expected ‘=’, ‘,’, ‘;’, ‘asm’ or ‘__attribute__’ before ‘<’ token
   37 | for (int i = 0 ; i < size / 2 ; i++)
      |                    ^
exercises.c:37:34: error: expected ‘=’, ‘,’, ‘;’, ‘asm’ or ‘__attribute__’ before ‘++’ token
   37 | for (int i = 0 ; i < size / 2 ; i++)
      |                                  ^~
exercises.c:45:1: error: expected identifier or ‘(’ before ‘return’
   45 | return temp;
      | ^~~~~~
exercises.c:46:1: error: expected identifier or ‘(’ before ‘}’ token
   46 | }
      | ^
Compilation failed
698ba2e
Thu 14 Mar 2024 08:41:34 PM UTC: 
 exercises.c | 1 -
 1 file changed, 1 deletion(-)
In file included from test.c:1:
exercises.c:37:1: error: expected identifier or ‘(’ before ‘for’
   37 | for(int i = 0 ; i < size/2 ; i++)
      | ^~~
exercises.c:37:19: error: expected ‘=’, ‘,’, ‘;’, ‘asm’ or ‘__attribute__’ before ‘<’ token
   37 | for(int i = 0 ; i < size/2 ; i++)
      |                   ^
exercises.c:37:31: error: expected ‘=’, ‘,’, ‘;’, ‘asm’ or ‘__attribute__’ before ‘++’ token
   37 | for(int i = 0 ; i < size/2 ; i++)
      |                               ^~
exercises.c:45:1: error: expected identifier or ‘(’ before ‘}’ token
   45 | }
      | ^
Compilation failed
3ad578a
Thu 14 Mar 2024 08:42:48 PM UTC: 
 exercises.c | 1 +
 1 file changed, 1 insertion(+)
In file included from test.c:1:
exercises.c:37:1: error: expected identifier or ‘(’ before ‘for’
   37 | for (int i = 0 ; i < size/2 ; i++)
      | ^~~
exercises.c:37:20: error: expected ‘=’, ‘,’, ‘;’, ‘asm’ or ‘__attribute__’ before ‘<’ token
   37 | for (int i = 0 ; i < size/2 ; i++)
      |                    ^
exercises.c:37:32: error: expected ‘=’, ‘,’, ‘;’, ‘asm’ or ‘__attribute__’ before ‘++’ token
   37 | for (int i = 0 ; i < size/2 ; i++)
      |                                ^~
exercises.c:46:1: error: expected identifier or ‘(’ before ‘}’ token
   46 | }
      | ^
Compilation failed
a46d11a
Thu 14 Mar 2024 08:44:11 PM UTC: 
 exercises.c | 4 +++-
 1 file changed, 3 insertions(+), 1 deletion(-)
In file included from test.c:1:
exercises.c:37:1: error: expected identifier or ‘(’ before ‘for’
   37 | for(int i = 0 ; i < size/2 ; i++)
      | ^~~
exercises.c:37:19: error: expected ‘=’, ‘,’, ‘;’, ‘asm’ or ‘__attribute__’ before ‘<’ token
   37 | for(int i = 0 ; i < size/2 ; i++)
      |                   ^
exercises.c:37:31: error: expected ‘=’, ‘,’, ‘;’, ‘asm’ or ‘__attribute__’ before ‘++’ token
   37 | for(int i = 0 ; i < size/2 ; i++)
      |                               ^~
exercises.c:46:3: error: expected identifier or ‘(’ before ‘return’
   46 |   return temp;
      |   ^~~~~~
exercises.c:48:1: error: expected identifier or ‘(’ before ‘}’ token
   48 | }
      | ^
Compilation failed
7d1e3a0
Thu 14 Mar 2024 08:46:11 PM UTC: 
 exercises.c | 16 ++++++++++++++--
 1 file changed, 14 insertions(+), 2 deletions(-)
In file included from test.c:1:
exercises.c:37:1: error: expected identifier or ‘(’ before ‘for’
   37 | for (int i = 0 ; i < size/2 ; i++)
      | ^~~
exercises.c:37:20: error: expected ‘=’, ‘,’, ‘;’, ‘asm’ or ‘__attribute__’ before ‘<’ token
   37 | for (int i = 0 ; i < size/2 ; i++)
      |                    ^
exercises.c:37:32: error: expected ‘=’, ‘,’, ‘;’, ‘asm’ or ‘__attribute__’ before ‘++’ token
   37 | for (int i = 0 ; i < size/2 ; i++)
      |                                ^~
exercises.c:46:1: error: expected identifier or ‘(’ before ‘}’ token
   46 | }
      | ^
exercises.c: In function ‘filterEvenNumbers’:
exercises.c:60:7: error: unused variable ‘contador’ [-Werror=unused-variable]
   60 |   int contador = 0;
      |       ^~~~~~~~
exercises.c:58:8: error: unused variable ‘evenArr’ [-Werror=unused-variable]
   58 |   int *evenArr = (int *)malloc(size * sizeof(int));
      |        ^~~~~~~
cc1: all warnings being treated as errors
Compilation failed
c46775e
Thu 14 Mar 2024 08:46:23 PM UTC: 
 exercises.c | 4 ++--
 1 file changed, 2 insertions(+), 2 deletions(-)
In file included from test.c:1:
exercises.c:37:1: error: expected identifier or ‘(’ before ‘for’
   37 | for (i = 0 ; i < size/2 ; i++)
      | ^~~
exercises.c:37:16: error: expected ‘=’, ‘,’, ‘;’, ‘asm’ or ‘__attribute__’ before ‘<’ token
   37 | for (i = 0 ; i < size/2 ; i++)
      |                ^
exercises.c:37:28: error: expected ‘=’, ‘,’, ‘;’, ‘asm’ or ‘__attribute__’ before ‘++’ token
   37 | for (i = 0 ; i < size/2 ; i++)
      |                            ^~
exercises.c:46:1: error: expected identifier or ‘(’ before ‘}’ token
   46 | }
      | ^
exercises.c: In function ‘filterEvenNumbers’:
exercises.c:60:7: error: unused variable ‘contador’ [-Werror=unused-variable]
   60 |   int contador = 0;
      |       ^~~~~~~~
exercises.c:58:8: error: unused variable ‘evenArr’ [-Werror=unused-variable]
   58 |   int *evenArr = (int *)malloc(size * sizeof(int));
      |        ^~~~~~~
cc1: all warnings being treated as errors
Compilation failed
5abf8de
Thu 14 Mar 2024 08:47:37 PM UTC: 
 exercises.c | 6 +++++-
 1 file changed, 5 insertions(+), 1 deletion(-)
In file included from test.c:1:
exercises.c:37:1: error: expected identifier or ‘(’ before ‘for’
   37 | for (i = 0 ; i < size/2 ; i++)
      | ^~~
exercises.c:37:16: error: expected ‘=’, ‘,’, ‘;’, ‘asm’ or ‘__attribute__’ before ‘<’ token
   37 | for (i = 0 ; i < size/2 ; i++)
      |                ^
exercises.c:37:28: error: expected ‘=’, ‘,’, ‘;’, ‘asm’ or ‘__attribute__’ before ‘++’ token
   37 | for (i = 0 ; i < size/2 ; i++)
      |                            ^~
exercises.c:46:1: error: expected identifier or ‘(’ before ‘}’ token
   46 | }
      | ^
Compilation failed
24e67bc
Thu 14 Mar 2024 08:48:32 PM UTC: 
 exercises.c | 2 +-
 1 file changed, 1 insertion(+), 1 deletion(-)
In file included from test.c:1:
exercises.c:38:1: error: expected identifier or ‘(’ before ‘for’
   38 | for (i = 0 ; i < size/2 ; i++)
      | ^~~
exercises.c:38:16: error: expected ‘=’, ‘,’, ‘;’, ‘asm’ or ‘__attribute__’ before ‘<’ token
   38 | for (i = 0 ; i < size/2 ; i++)
      |                ^
exercises.c:38:28: error: expected ‘=’, ‘,’, ‘;’, ‘asm’ or ‘__attribute__’ before ‘++’ token
   38 | for (i = 0 ; i < size/2 ; i++)
      |                            ^~
exercises.c:46:1: error: expected identifier or ‘(’ before ‘}’ token
   46 | }
      | ^
exercises.c: In function ‘filterEvenNumbers’:
exercises.c:72:10: error: returning ‘int’ from a function with return type ‘int *’ makes pointer from integer without a cast [-Werror=int-conversion]
   72 |   return contador;
      |          ^~~~~~~~
cc1: all warnings being treated as errors
Compilation failed
3ffee91
Thu 14 Mar 2024 08:48:43 PM UTC: 
 exercises.c | 2 +-
 1 file changed, 1 insertion(+), 1 deletion(-)
In file included from test.c:1:
exercises.c:38:1: error: expected identifier or ‘(’ before ‘for’
   38 | for (i = 0 ; i > size/2 ; i++)
      | ^~~
exercises.c:38:16: error: expected ‘=’, ‘,’, ‘;’, ‘asm’ or ‘__attribute__’ before ‘>’ token
   38 | for (i = 0 ; i > size/2 ; i++)
      |                ^
exercises.c:38:28: error: expected ‘=’, ‘,’, ‘;’, ‘asm’ or ‘__attribute__’ before ‘++’ token
   38 | for (i = 0 ; i > size/2 ; i++)
      |                            ^~
exercises.c:46:1: error: expected identifier or ‘(’ before ‘}’ token
   46 | }
      | ^
exercises.c: In function ‘filterEvenNumbers’:
exercises.c:72:10: error: returning ‘int’ from a function with return type ‘int *’ makes pointer from integer without a cast [-Werror=int-conversion]
   72 |   return contador;
      |          ^~~~~~~~
cc1: all warnings being treated as errors
Compilation failed
1281eb0
Thu 14 Mar 2024 08:50:05 PM UTC: 
 exercises.c | 6 +++---
 1 file changed, 3 insertions(+), 3 deletions(-)
In file included from test.c:1:
exercises.c: In function ‘filterEvenNumbers’:
exercises.c:70:10: error: returning ‘int’ from a function with return type ‘int *’ makes pointer from integer without a cast [-Werror=int-conversion]
   70 |   return contador;
      |          ^~~~~~~~
cc1: all warnings being treated as errors
Compilation failed
5d87a17
Thu 14 Mar 2024 08:50:26 PM UTC: 
 exercises.c | 2 ++
 1 file changed, 2 insertions(+)
In file included from test.c:1:
exercises.c: In function ‘filterEvenNumbers’:
exercises.c:73:1: error: control reaches end of non-void function [-Werror=return-type]
   73 | }
      | ^
cc1: all warnings being treated as errors
Compilation failed
6b18294
Thu 14 Mar 2024 08:50:53 PM UTC: 
 exercises.c | 5 +++--
 1 file changed, 3 insertions(+), 2 deletions(-)
In file included from test.c:1:
exercises.c:57:3: error: "/*" within comment [-Werror=comment]
   57 |   /*
      |    
exercises.c: In function ‘filterEvenNumbers’:
exercises.c:83:38: error: expected ‘=’, ‘,’, ‘;’, ‘asm’ or ‘__attribute__’ before ‘{’ token
   83 |                        int result[]) {}
      |                                      ^
exercises.c:91:38: error: expected ‘=’, ‘,’, ‘;’, ‘asm’ or ‘__attribute__’ before ‘{’ token
   91 | int checkSorted(int arr[], int size) { return -2; }
      |                                      ^
exercises.c:104:3: error: storage class specified for parameter ‘Autor’
  104 | } Autor;
      |   ^~~~~
exercises.c:108:3: error: expected specifier-qualifier-list before ‘Autor’
  108 |   Autor autor;
      |   ^~~~~
exercises.c:110:3: error: storage class specified for parameter ‘Libro’
  110 | } Libro;
      |   ^~~~~
exercises.c:112:23: error: expected declaration specifiers or ‘...’ before ‘Libro’
  112 | void inicializarLibro(Libro *libro, const char *titulo, const char *nombreAutor,
      |                       ^~~~~
exercises.c:130:3: error: storage class specified for parameter ‘Nodo’
  130 | } Nodo;
      |   ^~~~
exercises.c:132:1: error: expected declaration specifiers before ‘Nodo’
  132 | Nodo *crearListaEnlazada(int arr[], int size) { return NULL; }
      | ^~~~
In file included from test.c:5:
/nix/store/4pqv2mwdn88h7xvsm7a5zplrd8sxzvw0-glibc-2.35-163-dev/include/time.h:72:16: error: storage class specified for parameter ‘clock’
   72 | extern clock_t clock (void) __THROW;
      |                ^~~~~
/nix/store/4pqv2mwdn88h7xvsm7a5zplrd8sxzvw0-glibc-2.35-163-dev/include/time.h:76:15: error: storage class specified for parameter ‘time’
   76 | extern time_t time (time_t *__timer) __THROW;
      |               ^~~~
/nix/store/4pqv2mwdn88h7xvsm7a5zplrd8sxzvw0-glibc-2.35-163-dev/include/time.h:79:15: error: storage class specified for parameter ‘difftime’
   79 | extern double difftime (time_t __time1, time_t __time0)
      |               ^~~~~~~~
/nix/store/4pqv2mwdn88h7xvsm7a5zplrd8sxzvw0-glibc-2.35-163-dev/include/time.h:83:15: error: storage class specified for parameter ‘mktime’
   83 | extern time_t mktime (struct tm *__tp) __THROW;
      |               ^~~~~~
/nix/store/4pqv2mwdn88h7xvsm7a5zplrd8sxzvw0-glibc-2.35-163-dev/include/time.h:100:15: error: storage class specified for parameter ‘strftime’
  100 | extern size_t strftime (char *__restrict __s, size_t __maxsize,
      |               ^~~~~~~~
/nix/store/4pqv2mwdn88h7xvsm7a5zplrd8sxzvw0-glibc-2.35-163-dev/include/time.h:116:15: error: storage class specified for parameter ‘strftime_l’
  116 | extern size_t strftime_l (char *__restrict __s, size_t __maxsize,
      |               ^~~~~~~~~~
/nix/store/4pqv2mwdn88h7xvsm7a5zplrd8sxzvw0-glibc-2.35-163-dev/include/time.h:132:19: error: storage class specified for parameter ‘gmtime’
  132 | extern struct tm *gmtime (const time_t *__timer) __THROW;
      |                   ^~~~~~
/nix/store/4pqv2mwdn88h7xvsm7a5zplrd8sxzvw0-glibc-2.35-163-dev/include/time.h:136:19: error: storage class specified for parameter ‘localtime’
  136 | extern struct tm *localtime (const time_t *__timer) __THROW;
      |                   ^~~~~~~~~
/nix/store/4pqv2mwdn88h7xvsm7a5zplrd8sxzvw0-glibc-2.35-163-dev/include/time.h:154:19: error: storage class specified for parameter ‘gmtime_r’
  154 | extern struct tm *gmtime_r (const time_t *__restrict __timer,
      |                   ^~~~~~~~
/nix/store/4pqv2mwdn88h7xvsm7a5zplrd8sxzvw0-glibc-2.35-163-dev/include/time.h:159:19: error: storage class specified for parameter ‘localtime_r’
  159 | extern struct tm *localtime_r (const time_t *__restrict __timer,
      |                   ^~~~~~~~~~~
/nix/store/4pqv2mwdn88h7xvsm7a5zplrd8sxzvw0-glibc-2.35-163-dev/include/time.h:179:14: error: storage class specified for parameter ‘asctime’
  179 | extern char *asctime (const struct tm *__tp) __THROW;
      |              ^~~~~~~
/nix/store/4pqv2mwdn88h7xvsm7a5zplrd8sxzvw0-glibc-2.35-163-dev/include/time.h:183:14: error: storage class specified for parameter ‘ctime’
  183 | extern char *ctime (const time_t *__timer) __THROW;
      |              ^~~~~
/nix/store/4pqv2mwdn88h7xvsm7a5zplrd8sxzvw0-glibc-2.35-163-dev/include/time.h:197:14: error: storage class specified for parameter ‘asctime_r’
  197 | extern char *asctime_r (const struct tm *__restrict __tp,
      |              ^~~~~~~~~
/nix/store/4pqv2mwdn88h7xvsm7a5zplrd8sxzvw0-glibc-2.35-163-dev/include/time.h:202:14: error: storage class specified for parameter ‘ctime_r’
  202 | extern char *ctime_r (const time_t *__restrict __timer,
      |              ^~~~~~~
/nix/store/4pqv2mwdn88h7xvsm7a5zplrd8sxzvw0-glibc-2.35-163-dev/include/time.h:217:14: error: storage class specified for parameter ‘__tzname’
  217 | extern char *__tzname[2];       /* Current timezone names.  */
      |              ^~~~~~~~
/nix/store/4pqv2mwdn88h7xvsm7a5zplrd8sxzvw0-glibc-2.35-163-dev/include/time.h:218:12: error: storage class specified for parameter ‘__daylight’
  218 | extern int __daylight;          /* If daylight-saving time is ever in use.  */
      |            ^~~~~~~~~~
/nix/store/4pqv2mwdn88h7xvsm7a5zplrd8sxzvw0-glibc-2.35-163-dev/include/time.h:219:17: error: storage class specified for parameter ‘__timezone’
  219 | extern long int __timezone;     /* Seconds west of UTC.  */
      |                 ^~~~~~~~~~
/nix/store/4pqv2mwdn88h7xvsm7a5zplrd8sxzvw0-glibc-2.35-163-dev/include/time.h:224:14: error: storage class specified for parameter ‘tzname’
  224 | extern char *tzname[2];
      |              ^~~~~~
/nix/store/4pqv2mwdn88h7xvsm7a5zplrd8sxzvw0-glibc-2.35-163-dev/include/time.h:228:13: error: storage class specified for parameter ‘tzset’
  228 | extern void tzset (void) __THROW;
      |             ^~~~~
/nix/store/4pqv2mwdn88h7xvsm7a5zplrd8sxzvw0-glibc-2.35-163-dev/include/time.h:232:12: error: storage class specified for parameter ‘daylight’
  232 | extern int daylight;
      |            ^~~~~~~~
/nix/store/4pqv2mwdn88h7xvsm7a5zplrd8sxzvw0-glibc-2.35-163-dev/include/time.h:233:17: error: storage class specified for parameter ‘timezone’
  233 | extern long int timezone;
      |                 ^~~~~~~~
/nix/store/4pqv2mwdn88h7xvsm7a5zplrd8sxzvw0-glibc-2.35-163-dev/include/time.h:249:15: error: storage class specified for parameter ‘timegm’
  249 | extern time_t timegm (struct tm *__tp) __THROW;
      |               ^~~~~~
/nix/store/4pqv2mwdn88h7xvsm7a5zplrd8sxzvw0-glibc-2.35-163-dev/include/time.h:251:15: error: storage class specified for parameter ‘timelocal’
  251 | extern time_t timelocal (struct tm *__tp) __THROW;
      |               ^~~~~~~~~
/nix/store/4pqv2mwdn88h7xvsm7a5zplrd8sxzvw0-glibc-2.35-163-dev/include/time.h:262:12: error: storage class specified for parameter ‘dysize’
  262 | extern int dysize (int __year) __THROW  __attribute__ ((__const__));
      |            ^~~~~~
/nix/store/4pqv2mwdn88h7xvsm7a5zplrd8sxzvw0-glibc-2.35-163-dev/include/time.h:272:12: error: storage class specified for parameter ‘nanosleep’
  272 | extern int nanosleep (const struct timespec *__requested_time,
      |            ^~~~~~~~~
/nix/store/4pqv2mwdn88h7xvsm7a5zplrd8sxzvw0-glibc-2.35-163-dev/include/time.h:276:12: error: storage class specified for parameter ‘clock_getres’
  276 | extern int clock_getres (clockid_t __clock_id, struct timespec *__res) __THROW;
      |            ^~~~~~~~~~~~
/nix/store/4pqv2mwdn88h7xvsm7a5zplrd8sxzvw0-glibc-2.35-163-dev/include/time.h:279:12: error: storage class specified for parameter ‘clock_gettime’
  279 | extern int clock_gettime (clockid_t __clock_id, struct timespec *__tp) __THROW;
      |            ^~~~~~~~~~~~~
/nix/store/4pqv2mwdn88h7xvsm7a5zplrd8sxzvw0-glibc-2.35-163-dev/include/time.h:282:12: error: storage class specified for parameter ‘clock_settime’
  282 | extern int clock_settime (clockid_t __clock_id, const struct timespec *__tp)
      |            ^~~~~~~~~~~~~
/nix/store/4pqv2mwdn88h7xvsm7a5zplrd8sxzvw0-glibc-2.35-163-dev/include/time.h:311:12: error: storage class specified for parameter ‘clock_nanosleep’
  311 | extern int clock_nanosleep (clockid_t __clock_id, int __flags,
      |            ^~~~~~~~~~~~~~~
/nix/store/4pqv2mwdn88h7xvsm7a5zplrd8sxzvw0-glibc-2.35-163-dev/include/time.h:326:12: error: storage class specified for parameter ‘clock_getcpuclockid’
  326 | extern int clock_getcpuclockid (pid_t __pid, clockid_t *__clock_id) __THROW;
      |            ^~~~~~~~~~~~~~~~~~~
/nix/store/4pqv2mwdn88h7xvsm7a5zplrd8sxzvw0-glibc-2.35-163-dev/include/time.h:331:12: error: storage class specified for parameter ‘timer_create’
  331 | extern int timer_create (clockid_t __clock_id,
      |            ^~~~~~~~~~~~
/nix/store/4pqv2mwdn88h7xvsm7a5zplrd8sxzvw0-glibc-2.35-163-dev/include/time.h:336:12: error: storage class specified for parameter ‘timer_delete’
  336 | extern int timer_delete (timer_t __timerid) __THROW;
      |            ^~~~~~~~~~~~
/nix/store/4pqv2mwdn88h7xvsm7a5zplrd8sxzvw0-glibc-2.35-163-dev/include/time.h:340:12: error: storage class specified for parameter ‘timer_settime’
  340 | extern int timer_settime (timer_t __timerid, int __flags,
      |            ^~~~~~~~~~~~~
/nix/store/4pqv2mwdn88h7xvsm7a5zplrd8sxzvw0-glibc-2.35-163-dev/include/time.h:345:12: error: storage class specified for parameter ‘timer_gettime’
  345 | extern int timer_gettime (timer_t __timerid, struct itimerspec *__value)
      |            ^~~~~~~~~~~~~
/nix/store/4pqv2mwdn88h7xvsm7a5zplrd8sxzvw0-glibc-2.35-163-dev/include/time.h:364:12: error: storage class specified for parameter ‘timer_getoverrun’
  364 | extern int timer_getoverrun (timer_t __timerid) __THROW;
      |            ^~~~~~~~~~~~~~~~
/nix/store/4pqv2mwdn88h7xvsm7a5zplrd8sxzvw0-glibc-2.35-163-dev/include/time.h:371:12: error: storage class specified for parameter ‘timespec_get’
  371 | extern int timespec_get (struct timespec *__ts, int __base)
      |            ^~~~~~~~~~~~
test.c:8:1: error: parameter ‘test_id’ is initialized
    8 | int test_id = -1;
      | ^~~
test.c:11:77: error: expected ‘=’, ‘,’, ‘;’, ‘asm’ or ‘__attribute__’ before ‘{’ token
   11 | int test_suite(int (*test)(), char *msg, int max_score, int id, int req_id) {
      |                                                                             ^
test.c:29:39: error: expected ‘=’, ‘,’, ‘;’, ‘asm’ or ‘__attribute__’ before ‘{’ token
   29 | void print_array(int arr[], int size) {
      |                                       ^
test.c:37:24: error: expected declaration specifiers or ‘...’ before ‘Nodo’
   37 | void print_linked_list(Nodo* lista) {
      |                        ^~~~
test.c:47:41: error: expected ‘=’, ‘,’, ‘;’, ‘asm’ or ‘__attribute__’ before ‘{’ token
   47 | void readIntArray(int arr[], int *size) {
      |                                         ^
test.c:60:62: error: expected ‘=’, ‘,’, ‘;’, ‘asm’ or ‘__attribute__’ before ‘{’ token
   60 | void create_random_array(int arr[], int *size, int max_size) {
      |                                                              ^
test.c:69:85: error: expected ‘=’, ‘,’, ‘;’, ‘asm’ or ‘__attribute__’ before ‘{’ token
   69 | void create_random_sorted_array(int arr[], int *size, int max_size, int descending) {
      |                                                                                     ^
test.c:77:71: error: expected ‘=’, ‘,’, ‘;’, ‘asm’ or ‘__attribute__’ before ‘{’ token
   77 | void create_random_unsorted_array(int arr[], int *size, int max_size) {
      |                                                                       ^
test.c:86:20: error: expected ‘=’, ‘,’, ‘;’, ‘asm’ or ‘__attribute__’ before ‘{’ token
   86 | int test_findMax() {
      |                    ^
test.c:117:25: error: expected ‘=’, ‘,’, ‘;’, ‘asm’ or ‘__attribute__’ before ‘{’ token
  117 | int test_reverseArray() {
      |                         ^
test.c:144:30: error: expected ‘=’, ‘,’, ‘;’, ‘asm’ or ‘__attribute__’ before ‘{’ token
  144 | int test_filterEvenNumbers() {
      |                              ^
test.c:196:22: error: expected ‘=’, ‘,’, ‘;’, ‘asm’ or ‘__attribute__’ before ‘{’ token
  196 | int test_mergeSort() {
      |                      ^
test.c:250:24: error: expected ‘=’, ‘,’, ‘;’, ‘asm’ or ‘__attribute__’ before ‘{’ token
  250 | int test_checkSorted() {
      |                        ^
test.c:289:26: error: type defaults to ‘int’ in declaration of ‘Libro’ [-Werror=implicit-int]
  289 | void imprimirLibro(const Libro *libro) {
      |                          ^~~~~
test.c:289:32: error: expected ‘;’, ‘,’ or ‘)’ before ‘*’ token
  289 | void imprimirLibro(const Libro *libro) {
      |                                ^
test.c:295:23: error: expected ‘=’, ‘,’, ‘;’, ‘asm’ or ‘__attribute__’ before ‘{’ token
  295 | int test_biblioteca() {
      |                       ^
test.c:326:31: error: expected ‘=’, ‘,’, ‘;’, ‘asm’ or ‘__attribute__’ before ‘{’ token
  326 | int test_crearListaEnlazada() {
      |                               ^
test.c:382:34: error: expected ‘=’, ‘,’, ‘;’, ‘asm’ or ‘__attribute__’ before ‘{’ token
  382 | int main(int argc, char *argv[]) {
      |                                  ^
In file included from test.c:1:
exercises.c:54:6: error: old-style parameter declarations in prototyped function definition
   54 | int *filterEvenNumbers(int arr[], int size, int *newSize)
      |      ^~~~~~~~~~~~~~~~~
test.c:411: error: expected ‘{’ at end of input
test.c:411: error: control reaches end of non-void function [-Werror=return-type]
cc1: all warnings being treated as errors
Compilation failed
ebf87d9
Thu 14 Mar 2024 08:51:32 PM UTC: 
 exercises.c | 7 ++++---
 1 file changed, 4 insertions(+), 3 deletions(-)
In file included from test.c:1:
exercises.c: In function ‘filterEvenNumbers’:
exercises.c:75:1: error: control reaches end of non-void function [-Werror=return-type]
   75 | }
      | ^
cc1: all warnings being treated as errors
Compilation failed
c21637a
Thu 14 Mar 2024 08:52:00 PM UTC: 
 exercises.c | 6 +++---
 1 file changed, 3 insertions(+), 3 deletions(-)
In file included from test.c:1:
exercises.c: In function ‘filterEvenNumbers’:
exercises.c:73:10: error: ‘contador’ undeclared (first use in this function)
   73 |   return contador;
      |          ^~~~~~~~
exercises.c:73:10: note: each undeclared identifier is reported only once for each function it appears in
exercises.c:75:1: error: control reaches end of non-void function [-Werror=return-type]
   75 | }
      | ^
cc1: all warnings being treated as errors
Compilation failed
56c69ce
Thu 14 Mar 2024 08:52:18 PM UTC: 
 exercises.c | 3 ++-
 1 file changed, 2 insertions(+), 1 deletion(-)
 tests:  0|5
total_score: 20/70
6da1eae
Thu 14 Mar 2024 08:52:58 PM UTC: 
 exercises.c | 5 +----
 1 file changed, 1 insertion(+), 4 deletions(-)
In file included from test.c:1:
exercises.c: In function ‘filterEvenNumbers’:
exercises.c:71:10: error: returning ‘int’ from a function with return type ‘int *’ makes pointer from integer without a cast [-Werror=int-conversion]
   71 |   return contador;
      |          ^~~~~~~~
exercises.c:57:8: error: unused variable ‘newArr’ [-Werror=unused-variable]
   57 |   int *newArr = malloc(sizeof(int) * size);
      |        ^~~~~~
cc1: all warnings being treated as errors
Compilation failed
756fe3d
Thu 14 Mar 2024 08:53:12 PM UTC: 
 exercises.c | 4 ++--
 1 file changed, 2 insertions(+), 2 deletions(-)
In file included from test.c:1:
exercises.c: In function ‘filterEvenNumbers’:
exercises.c:71:10: error: returning ‘int’ from a function with return type ‘int *’ makes pointer from integer without a cast [-Werror=int-conversion]
   71 |   return contador;
      |          ^~~~~~~~
cc1: all warnings being treated as errors
Compilation failed
d2d2732
Thu 14 Mar 2024 08:53:34 PM UTC: 
 exercises.c | 4 ++--
 1 file changed, 2 insertions(+), 2 deletions(-)
In file included from test.c:1:
exercises.c: In function ‘filterEvenNumbers’:
exercises.c:71:10: error: returning ‘int’ from a function with return type ‘int *’ makes pointer from integer without a cast [-Werror=int-conversion]
   71 |   return contador;
      |          ^~~~~~~~
exercises.c:57:8: error: unused variable ‘newArr’ [-Werror=unused-variable]
   57 |   int *newArr = malloc(sizeof(int) * size);
      |        ^~~~~~
cc1: all warnings being treated as errors
Compilation failed
85b65d0
Thu 14 Mar 2024 08:53:43 PM UTC: 
 exercises.c | 2 +-
 1 file changed, 1 insertion(+), 1 deletion(-)
In file included from test.c:1:
exercises.c: In function ‘filterEvenNumbers’:
exercises.c:71:10: error: invalid type argument of unary ‘*’ (have ‘int’)
   71 |   return *contador;
      |          ^~~~~~~~~
exercises.c:57:8: error: unused variable ‘newArr’ [-Werror=unused-variable]
   57 |   int *newArr = malloc(sizeof(int) * size);
      |        ^~~~~~
exercises.c:73:1: error: control reaches end of non-void function [-Werror=return-type]
   73 | }
      | ^
cc1: all warnings being treated as errors
Compilation failed
9ca6dcd
Thu 14 Mar 2024 08:53:56 PM UTC: 
 exercises.c | 2 +-
 1 file changed, 1 insertion(+), 1 deletion(-)
In file included from test.c:1:
exercises.c: In function ‘filterEvenNumbers’:
exercises.c:57:8: error: unused variable ‘newArr’ [-Werror=unused-variable]
   57 |   int *newArr = malloc(sizeof(int) * size);
      |        ^~~~~~
cc1: all warnings being treated as errors
Compilation failed
0a367d6
Thu 14 Mar 2024 08:54:20 PM UTC: 
 exercises.c | 2 +-
 1 file changed, 1 insertion(+), 1 deletion(-)
 tests:  0|5
total_score: 20/70
5473a46
Thu 14 Mar 2024 08:56:19 PM UTC: 
 exercises.c | 2 +-
 1 file changed, 1 insertion(+), 1 deletion(-)
In file included from test.c:1:
exercises.c: In function ‘filterEvenNumbers’:
exercises.c:57:8: error: unused variable ‘newArr’ [-Werror=unused-variable]
   57 |   int *newArr = malloc(sizeof(int) * size);
      |        ^~~~~~
cc1: all warnings being treated as errors
Compilation failed
6a149d3
Thu 14 Mar 2024 08:56:29 PM UTC: 
 exercises.c | 1 -
 1 file changed, 1 deletion(-)
 tests:  0|5
total_score: 20/70
a048edd
Thu 14 Mar 2024 08:56:44 PM UTC: 
 exercises.c | 2 +-
 1 file changed, 1 insertion(+), 1 deletion(-)
In file included from test.c:1:
exercises.c: In function ‘filterEvenNumbers’:
exercises.c:70:10: error: returning ‘int’ from a function with return type ‘int *’ makes pointer from integer without a cast [-Werror=int-conversion]
   70 |   return contador;
      |          ^~~~~~~~
cc1: all warnings being treated as errors
Compilation failed
c54f24b
Thu 14 Mar 2024 08:56:52 PM UTC: 
 exercises.c | 1 -
 1 file changed, 1 deletion(-)
In file included from test.c:1:
exercises.c: In function ‘filterEvenNumbers’:
exercises.c:71:1: error: control reaches end of non-void function [-Werror=return-type]
   71 | }
      | ^
cc1: all warnings being treated as errors
Compilation failed
25bf5d3
Thu 14 Mar 2024 08:59:59 PM UTC: 
 exercises.c | 2 +-
 1 file changed, 1 insertion(+), 1 deletion(-)
In file included from test.c:1:
exercises.c: In function ‘filterEvenNumbers’:
exercises.c:69:10: error: returning ‘int’ from a function with return type ‘int *’ makes pointer from integer without a cast [-Werror=int-conversion]
   69 |   return contador;
      |          ^~~~~~~~
cc1: all warnings being treated as errors
Compilation failed
962710c
Thu 14 Mar 2024 09:00:16 PM UTC: 
 exercises.c | 2 +-
 1 file changed, 1 insertion(+), 1 deletion(-)
In file included from test.c:1:
exercises.c: In function ‘filterEvenNumbers’:
exercises.c:70:1: error: control reaches end of non-void function [-Werror=return-type]
   70 | }
      | ^
cc1: all warnings being treated as errors
Compilation failed
e174970
Thu 14 Mar 2024 09:01:17 PM UTC: 
 exercises.c | 2 +-
 1 file changed, 1 insertion(+), 1 deletion(-)
In file included from test.c:1:
exercises.c: In function ‘filterEvenNumbers’:
exercises.c:69:3: error: ‘return’ with no value, in function returning non-void [-Werror=return-type]
   69 |   return;
      |   ^~~~~~
exercises.c:54:6: note: declared here
   54 | int *filterEvenNumbers(int arr[], int size, int *newSize)
      |      ^~~~~~~~~~~~~~~~~
cc1: all warnings being treated as errors
Compilation failed
22c1b63
Thu 14 Mar 2024 09:01:29 PM UTC: 
 exercises.c | 2 +-
 1 file changed, 1 insertion(+), 1 deletion(-)
In file included from test.c:1:
exercises.c: In function ‘filterEvenNumbers’:
exercises.c:69:10: error: returning ‘int’ from a function with return type ‘int *’ makes pointer from integer without a cast [-Werror=int-conversion]
   69 |   return contador;
      |          ^~~~~~~~
cc1: all warnings being treated as errors
Compilation failed
ee3aace
Thu 14 Mar 2024 09:03:21 PM UTC: 
 exercises.c | 6 ++++--
 1 file changed, 4 insertions(+), 2 deletions(-)
In file included from test.c:1:
exercises.c: In function ‘filterEvenNumbers’:
exercises.c:71:10: error: returning ‘int’ from a function with return type ‘int *’ makes pointer from integer without a cast [-Werror=int-conversion]
   71 |   return contador;
      |          ^~~~~~~~
cc1: all warnings being treated as errors
Compilation failed
b125bce
Thu 14 Mar 2024 09:03:29 PM UTC: 
 exercises.c | 2 +-
 1 file changed, 1 insertion(+), 1 deletion(-)
In file included from test.c:1:
exercises.c: In function ‘filterEvenNumbers’:
exercises.c:71:10: error: invalid type argument of unary ‘*’ (have ‘int’)
   71 |   return *contador;
      |          ^~~~~~~~~
exercises.c:72:1: error: control reaches end of non-void function [-Werror=return-type]
   72 | }
      | ^
cc1: all warnings being treated as errors
Compilation failed
7021f45
Thu 14 Mar 2024 09:04:04 PM UTC: 
 exercises.c | 2 +-
 1 file changed, 1 insertion(+), 1 deletion(-)
 tests:  0|4
total_score: 30/70
3e74d5e
Thu 14 Mar 2024 09:04:12 PM UTC: 
 exercises.c | 2 +-
 1 file changed, 1 insertion(+), 1 deletion(-)
 tests:  0|4
total_score: 30/70
1b53185
Thu 14 Mar 2024 09:13:17 PM UTC: 
 exercises.c | 31 ++++++++++++++++++++++++++++++-
 1 file changed, 30 insertions(+), 1 deletion(-)
In file included from test.c:1:
exercises.c: In function ‘mergeSortedArrays’:
exercises.c:84:12: error: ‘i’ is used uninitialized [-Werror=uninitialized]
   84 |   while (i < size1 && j < size2)
      |          ~~^~~~~~~
exercises.c:84:25: error: ‘j’ is used uninitialized [-Werror=uninitialized]
   84 |   while (i < size1 && j < size2)
      |                       ~~^~~~~~~
cc1: all warnings being treated as errors
Compilation failed
0f4aaa7
Thu 14 Mar 2024 11:25:22 PM UTC: 
 exercises.c | 29 +++++++++++++++++++++++++++--
 1 file changed, 27 insertions(+), 2 deletions(-)
In file included from test.c:1:
exercises.c: In function ‘mergeSortedArrays’:
exercises.c:84:12: error: ‘i’ is used uninitialized [-Werror=uninitialized]
   84 |   while (i < size1 && j < size2)
      |          ~~^~~~~~~
exercises.c:84:25: error: ‘j’ is used uninitialized [-Werror=uninitialized]
   84 |   while (i < size1 && j < size2)
      |                       ~~^~~~~~~
cc1: all warnings being treated as errors
Compilation failed
bce0c1a
Thu 14 Mar 2024 11:26:51 PM UTC: 
 exercises.c | 5 ++++-
 1 file changed, 4 insertions(+), 1 deletion(-)
 tests:  0|3
total_score: 40/70
02a067b
Thu 14 Mar 2024 11:36:56 PM UTC: 
 exercises.c | 4 ++--
 1 file changed, 2 insertions(+), 2 deletions(-)
 tests:  0|2
total_score: 50/70
ec03fa6
Fri 15 Mar 2024 12:05:23 AM UTC: 
 exercises.c | 6 ++++++
 1 file changed, 6 insertions(+)
In file included from test.c:1:
exercises.c:166:13: error: expected ‘)’ before ‘->’ token
  166 | strcpy(libro->titulo, titulo);
      |             ^~
      |             )
exercises.c:167:15: error: expected ‘)’ before ‘->’ token
  167 |   strcpy(libro->autor.nombre, autorNombre);
      |               ^~
      |               )
exercises.c:168:8: error: expected ‘=’, ‘,’, ‘;’, ‘asm’ or ‘__attribute__’ before ‘->’ token
  168 |   libro->autor.anioNacimiento = autorAnioNacimiento;
      |        ^~
exercises.c:170:3: error: expected identifier or ‘(’ before ‘return’
  170 |   return;
      |   ^~~~~~
Compilation failed
c80de0e
Fri 15 Mar 2024 12:06:12 AM UTC: 
 exercises.c | 2 +-
 1 file changed, 1 insertion(+), 1 deletion(-)
In file included from test.c:1:
exercises.c:166:13: error: expected ‘)’ before ‘->’ token
  166 | strcpy(libro->titulo, titulo);
      |             ^~
      |             )
exercises.c:167:15: error: expected ‘)’ before ‘->’ token
  167 |   strcpy(libro->autor.nombre, autorNombre);
      |               ^~
      |               )
exercises.c:168:8: error: expected ‘=’, ‘,’, ‘;’, ‘asm’ or ‘__attribute__’ before ‘->’ token
  168 |   libro->autor.anioNacimiento = autorAnioNacimiento;
      |        ^~
exercises.c:169:8: error: expected ‘=’, ‘,’, ‘;’, ‘asm’ or ‘__attribute__’ before ‘->’ token
  169 |   libro->anioPublicacion = anioPublicacion;
      |        ^~
exercises.c:170:3: error: expected identifier or ‘(’ before ‘return’
  170 |   return;
      |   ^~~~~~
Compilation failed
b71d704
Fri 15 Mar 2024 12:07:37 AM UTC: 
 exercises.c | 2 +-
 1 file changed, 1 insertion(+), 1 deletion(-)
In file included from test.c:1:
exercises.c:166:13: error: expected ‘)’ before ‘->’ token
  166 | strcpy(libro->titulo, titulo);
      |             ^~
      |             )
exercises.c:167:15: error: expected ‘)’ before ‘->’ token
  167 |   strcpy(libro->autor.nombre, autorNombre);
      |               ^~
      |               )
exercises.c:168:8: error: expected ‘=’, ‘,’, ‘;’, ‘asm’ or ‘__attribute__’ before ‘->’ token
  168 |   libro->autor.anioNacimiento = AnioNacimiento;
      |        ^~
exercises.c:169:8: error: expected ‘=’, ‘,’, ‘;’, ‘asm’ or ‘__attribute__’ before ‘->’ token
  169 |   libro->anioPublicacion = anioPublicacion;
      |        ^~
exercises.c:170:3: error: expected identifier or ‘(’ before ‘return’
  170 |   return;
      |   ^~~~~~
Compilation failed
a517759
Fri 15 Mar 2024 12:08:08 AM UTC: 
 exercises.c | 2 +-
 1 file changed, 1 insertion(+), 1 deletion(-)
In file included from test.c:1:
exercises.c:166:13: error: expected ‘)’ before ‘->’ token
  166 | strcpy(libro->titulo, titulo);
      |             ^~
      |             )
exercises.c:167:15: error: expected ‘)’ before ‘->’ token
  167 |   strcpy(libro->autor.nombre, nombreAutor);
      |               ^~
      |               )
exercises.c:168:8: error: expected ‘=’, ‘,’, ‘;’, ‘asm’ or ‘__attribute__’ before ‘->’ token
  168 |   libro->autor.anioNacimiento = AnioNacimiento;
      |        ^~
exercises.c:169:8: error: expected ‘=’, ‘,’, ‘;’, ‘asm’ or ‘__attribute__’ before ‘->’ token
  169 |   libro->anioPublicacion = anioPublicacion;
      |        ^~
exercises.c:170:3: error: expected identifier or ‘(’ before ‘return’
  170 |   return;
      |   ^~~~~~
Compilation failed
73e8cf8
